=== Alarm log at 2025-07-31 14:58:31 ===
Device: 000000447007
Time: 2025-07-31 17:48:37
Type: 620
Description: SBAC=30303030303034250731174837330500
Status: Unprocessed
------------------------------------------------------------
Device: 000000447007
Time: 2025-07-31 17:48:37
Type: 670
Description: SBAC=30303030303034250731174837330500
Status: Unprocessed
------------------------------------------------------------
Device: 000000447007
Time: 2025-07-31 14:57:12
Type: 688
Description: 00000000447007250731174837330500
Status: Unprocessed
------------------------------------------------------------
Device: 000000447007
Time: 2025-07-31 14:57:13
Type: 688
Description: 00000000447007250731174837330500
Status: Unprocessed
------------------------------------------------------------
Device: 000000447007
Time: 2025-07-31 14:57:13
Type: 688
Description: 00000000447007250731174837330500
Status: Unprocessed
------------------------------------------------------------
Device: 000000447007
Time: 2025-07-31 14:57:14
Type: 688
Description: 00000000447007250731174837330500
Status: Unprocessed
------------------------------------------------------------
Device: 000000447007
Time: 2025-07-31 14:57:14
Type: 638
Description: 00000000447007250731174837330500
Status: Unprocessed
------------------------------------------------------------
Device: 000000447007
Time: 2025-07-31 17:48:43
Type: 620
Description: SBAC=30303030303034250731174843330500
Status: Unprocessed
------------------------------------------------------------
Device: 000000447007
Time: 2025-07-31 17:48:43
Type: 670
Description: SBAC=30303030303034250731174843330500
Status: Unprocessed
------------------------------------------------------------
Device: 000000447007
Time: 2025-07-31 14:57:24
Type: 688
Description: 00000000447007250731174843330500
Status: Unprocessed
------------------------------------------------------------
Device: 000000447007
Time: 2025-07-31 14:57:24
Type: 688
Description: 00000000447007250731174843330500
Status: Unprocessed
------------------------------------------------------------
Device: 000000447007
Time: 2025-07-31 14:57:25
Type: 688
Description: 00000000447007250731174843330500
Status: Unprocessed
------------------------------------------------------------
Device: 000000447007
Time: 2025-07-31 14:57:26
Type: 688
Description: 00000000447007250731174843330500
Status: Unprocessed
------------------------------------------------------------
Device: 000000447007
Time: 2025-07-31 14:57:26
Type: 638
Description: 00000000447007250731174843330500
Status: Unprocessed
------------------------------------------------------------
Device: 000000447007
Time: 2025-07-31 17:49:01
Type: 620
Description: SBAC=30303030303034250731174901330500
Status: Unprocessed
------------------------------------------------------------
Device: 000000447007
Time: 2025-07-31 17:49:01
Type: 670
Description: SBAC=30303030303034250731174901330500
Status: Unprocessed
------------------------------------------------------------
Device: 000000447007
Time: 2025-07-31 14:57:38
Type: 688
Description: 00000000447007250731174901330500
Status: Unprocessed
------------------------------------------------------------
Device: 000000447007
Time: 2025-07-31 14:57:38
Type: 688
Description: 00000000447007250731174901330500
Status: Unprocessed
------------------------------------------------------------
Device: 000000447007
Time: 2025-07-31 14:57:39
Type: 688
Description: 00000000447007250731174901330500
Status: Unprocessed
------------------------------------------------------------
Device: 000000447007
Time: 2025-07-31 14:57:40
Type: 688
Description: 00000000447007250731174901330500
Status: Unprocessed
------------------------------------------------------------
Device: 000000447007
Time: 2025-07-31 14:57:40
Type: 638
Description: 00000000447007250731174901330500
Status: Unprocessed
------------------------------------------------------------
=== Alarm log at 2025-07-31 15:27:36 ===
Device: 000000447007
Time: 2025-07-31 18:16:09
Type: 66
Description: 
Status: Unprocessed
------------------------------------------------------------
Device: 000000447007
Time: 2025-07-31 15:27:35
Type: 67
Description: 
Status: Unprocessed
------------------------------------------------------------
=== Alarm log at 2025-08-06 12:12:32 ===
Device: 000000447007
Time: 2025-08-06 12:00:45
Type: 66
Description: 
Location: 32.031098, 34.795556
Mapped Location: 32.031098, 34.795556
Speed: 11.0 km/h
Status: Unprocessed
------------------------------------------------------------
Device: 000000447007
Time: 2025-08-06 12:05:14
Type: 67
Description: 
Location: 32.031098, 34.795556
Mapped Location: 32.031098, 34.795556
Speed: 11.0 km/h
Status: Unprocessed
------------------------------------------------------------
=== Alarm log at 2025-08-06 14:59:30 ===
Device: 000000447007
Time: 2025-08-06 14:56:28
Type: 11
Description: ,0,920
Location: 32.033730, 34.906980
Mapped Location: 32.033730, 34.906980
Speed: 92.0 km/h
Status: Unprocessed
------------------------------------------------------------
Device: 000000447007
Time: 2025-08-06 14:56:28
Type: 11
Description: ,0,1090
Location: 32.033730, 34.906980
Mapped Location: 32.033730, 34.906980
Speed: 92.0 km/h
Status: Unprocessed
------------------------------------------------------------
Device: 000000447007
Time: 2025-08-06 14:56:50
Type: 61
Description: ,0,1090
Location: 32.039134, 34.906432
Mapped Location: 32.039134, 34.906432
Speed: 78.0 km/h
Status: Unprocessed
------------------------------------------------------------
